<?xml version="1.0" encoding="UTF-8"?>
<!-- Generated by org.testng.reporters.JUnitXMLReporter -->
<testsuite hostname="DESKTOP-00T6P8Q" name="Test" tests="6" failures="0" timestamp="18 Sep 2020 05:37:29 GMT" time="319.813" errors="0">
  <testcase name="openApp" time="37.294" classname="Practice.Appium_Framework.SignIn_Test"/>
  <testcase name="signIn" time="46.012" classname="Practice.Appium_Framework.SignIn_Test"/>
  <testcase name="courseSel" time="95.713" classname="Practice.Appium_Framework.SelCourse_Test"/>
  <testcase name="playVid" time="54.202" classname="Practice.Appium_Framework.PlayVideo_Test"/>
  <testcase name="selLang" time="80.022" classname="Practice.Appium_Framework.SelectLang_Test"/>
  <testcase name="signOut" time="6.488" classname="Practice.Appium_Framework.SignOut_Test"/>
</testsuite> <!-- Test -->
